<?xml version="1.0" encoding="UTF-8"?>
<!-- Generated by org.testng.reporters.JUnitReportReporter -->
<testsuite hostname="GGKU5DELL1163" failures="0" tests="2" name="testCases.TC_001_AccountRegistrationTest" time="4.477" errors="0" timestamp="2023-11-12T13:17:15 IST" skipped="0">
  <testcase classname="testCases.TC_001_AccountRegistrationTest" name="test_Account_Registration" time="1.689"/>
  <system-out/>
  <testcase classname="testCases.TC_001_AccountRegistrationTest" name="test_Account_Registration" time="2.788"/>
  <system-out/>
</testsuite> <!-- testCases.TC_001_AccountRegistrationTest -->
