<?xml version="1.0" encoding="UTF-8"?>
<!-- Generated by org.testng.reporters.JUnitReportReporter -->
<testsuite hostname="GGKU5DELL1163" failures="0" tests="1" name="testCases.TC_001_AccountRegistrationTest" time="2.227" errors="0" timestamp="2023-11-12T13:23:10 IST" skipped="0">
  <testcase classname="testCases.TC_001_AccountRegistrationTest" name="test_Account_Registration" time="2.227"/>
</testsuite> <!-- testCases.TC_001_AccountRegistrationTest -->
